<?xml version="1.0" encoding="UTF-8"?>
<!-- Generated by org.testng.reporters.JUnitReportReporter -->
<testsuite hostname="DESKTOP-N97TRSU" failures="0" tests="2" name="testngpakage.testng3" time="0.013" errors="0" timestamp="17 Apr 2023 12:03:35 GMT">
  <testcase classname="testngpakage.testng3" name="delemp" time="0.011"/>
  <testcase classname="testngpakage.testng3" name="addemp" time="0.002"/>
</testsuite> <!-- testngpakage.testng3 -->
