<?xml version="1.0" encoding="UTF-8"?>
<!-- Generated by org.testng.reporters.JUnitReportReporter -->
<testsuite hostname="DESKTOP-N97TRSU" failures="0" tests="2" name="testngpakage.newclasstestng$Exp_Testng" time="0.003" errors="0" timestamp="17 Apr 2023 12:03:35 GMT">
  <testcase classname="testngpakage.newclasstestng$Exp_Testng" name="delemp" time="0.001"/>
  <testcase classname="testngpakage.newclasstestng$Exp_Testng" name="addemp" time="0.002"/>
</testsuite> <!-- testngpakage.newclasstestng$Exp_Testng -->
