<?xml version="1.0" encoding="UTF-8"?>
<!-- Generated by org.testng.reporters.JUnitReportReporter -->
<testsuite hostname="DESKTOP-N97TRSU" failures="0" tests="3" name="testngpakage.testng1" time="0.005" errors="0" timestamp="17 Apr 2023 12:03:35 GMT">
  <testcase classname="testngpakage.testng1" name="addemp" time="0.002"/>
  <testcase classname="testngpakage.testng1" name="myAnnMethd" time="0.000"/>
  <testcase classname="testngpakage.testng1" name="delemp" time="0.003"/>
</testsuite> <!-- testngpakage.testng1 -->
