<?xml version="1.0" encoding="UTF-8"?>
<!-- Generated by org.testng.reporters.JUnitReportReporter -->
<testsuite hostname="DESKTOP-N97TRSU" failures="0" tests="4" name="testngpakage.Testngclass" time="0.004" errors="0" timestamp="17 Apr 2023 12:03:35 GMT">
  <testcase classname="testngpakage.Testngclass" name="addemp" time="0.003"/>
  <testcase classname="testngpakage.Testngclass" name="delemp" time="0.000"/>
  <testcase classname="testngpakage.Testngclass" name="logout" time="0.001"/>
  <testcase classname="testngpakage.Testngclass" name="login" time="0.000"/>
</testsuite> <!-- testngpakage.Testngclass -->
